app/build/intermediates/manifest_merge_blame_file/debug/processDebugMainManifest/manifest-merger-blame-debug-report.txt
1<?xml version="1.0" encoding="utf-8"?>
2<manifest xmlns:android="http://schemas.android.com/apk/res/android"
3    package="com.josem.monopulcro"
4    android:versionCode="1"
5    android:versionName="1.0" >
6
7    <uses-sdk
8        android:minSdkVersion="26"
9        android:targetSdkVersion="35" />
10
11    <uses-permission android:name="android.permission.WAKE_LOCK" />
11-->[androidx.work:work-runtime:2.7.1] AndroidManifest.xml:25:5-68
11-->[androidx.work:work-runtime:2.7.1] AndroidManifest.xml:25:22-65
12    <uses-permission android:name="android.permission.ACCESS_NETWORK_STATE" />
12-->[androidx.work:work-runtime:2.7.1] AndroidManifest.xml:26:5-79
12-->[androidx.work:work-runtime:2.7.1] AndroidManifest.xml:26:22-76
13    <uses-permission android:name="android.permission.RECEIVE_BOOT_COMPLETED" />
13-->[androidx.work:work-runtime:2.7.1] AndroidManifest.xml:27:5-81
13-->[androidx.work:work-runtime:2.7.1] AndroidManifest.xml:27:22-78
14    <uses-permission android:name="android.permission.FOREGROUND_SERVICE" />
14-->[androidx.work:work-runtime:2.7.1] AndroidManifest.xml:28:5-77
14-->[androidx.work:work-runtime:2.7.1] AndroidManifest.xml:28:22-74
15
16    <permission
16-->[androidx.core:core:1.13.1] AndroidManifest.xml:22:5-24:47
17        android:name="com.josem.monopulcro.DYNAMIC_RECEIVER_NOT_EXPORTED_PERMISSION"
17-->[androidx.core:core:1.13.1] AndroidManifest.xml:23:9-81
18        android:protectionLevel="signature" />
18-->[androidx.core:core:1.13.1] AndroidManifest.xml:24:9-44
19
20    <uses-permission android:name="com.josem.monopulcro.DYNAMIC_RECEIVER_NOT_EXPORTED_PERMISSION" />
20-->[androidx.core:core:1.13.1] AndroidManifest.xml:26:5-97
20-->[androidx.core:core:1.13.1] AndroidManifest.xml:26:22-94
21
22    <application
22-->src\main\AndroidManifest.xml:4:5-34:19
23        android:allowBackup="true"
23-->src\main\AndroidManifest.xml:5:9-35
24        android:appComponentFactory="androidx.core.app.CoreComponentFactory"
24-->[androidx.core:core:1.13.1] AndroidManifest.xml:28:18-86
25        android:debuggable="true"
26        android:extractNativeLibs="false"
27        android:icon="@drawable/mono_pulcro"
27-->src\main\AndroidManifest.xml:6:9-45
28        android:label="@string/app_name"
28-->src\main\AndroidManifest.xml:7:9-41
29        android:roundIcon="@drawable/mono_pulcro"
29-->src\main\AndroidManifest.xml:8:9-50
30        android:supportsRtl="true"
30-->src\main\AndroidManifest.xml:9:9-35
31        android:testOnly="true"
32        android:theme="@style/Theme.MonoPulcro" >
32-->src\main\AndroidManifest.xml:10:9-48
33        <activity
33-->src\main\AndroidManifest.xml:12:9-20:20
34            android:name="com.josem.monopulcro.MainActivity"
34-->src\main\AndroidManifest.xml:13:13-41
35            android:exported="true"
35-->src\main\AndroidManifest.xml:14:13-36
36            android:theme="@style/Theme.MonoPulcro.Splash" >
36-->src\main\AndroidManifest.xml:15:13-59
37            <intent-filter>
37-->src\main\AndroidManifest.xml:16:13-19:29
38                <action android:name="android.intent.action.MAIN" />
38-->src\main\AndroidManifest.xml:17:17-69
38-->src\main\AndroidManifest.xml:17:25-66
39
40                <category android:name="android.intent.category.LAUNCHER" />
40-->src\main\AndroidManifest.xml:18:17-77
40-->src\main\AndroidManifest.xml:18:27-74
41            </intent-filter>
42        </activity>
43
44        <!-- Widget Receiver -->
45        <receiver
45-->src\main\AndroidManifest.xml:23:9-32:20
46            android:name="com.josem.monopulcro.widget.MonkeyWidgetReceiver"
46-->src\main\AndroidManifest.xml:24:13-56
47            android:exported="true" >
47-->src\main\AndroidManifest.xml:25:13-36
48            <intent-filter>
48-->src\main\AndroidManifest.xml:26:13-28:29
49                <action android:name="android.appwidget.action.APPWIDGET_UPDATE" />
49-->src\main\AndroidManifest.xml:27:17-84
49-->src\main\AndroidManifest.xml:27:25-81
50            </intent-filter>
51
52            <meta-data
52-->src\main\AndroidManifest.xml:29:13-31:62
53                android:name="android.appwidget.provider"
53-->src\main\AndroidManifest.xml:30:17-58
54                android:resource="@xml/monkey_widget_info" />
54-->src\main\AndroidManifest.xml:31:17-59
55        </receiver>
56
57        <activity
57-->[androidx.glance:glance-appwidget:1.1.1] AndroidManifest.xml:23:9-28:62
58            android:name="androidx.glance.appwidget.action.ActionTrampolineActivity"
58-->[androidx.glance:glance-appwidget:1.1.1] AndroidManifest.xml:24:13-85
59            android:enabled="true"
59-->[androidx.glance:glance-appwidget:1.1.1] AndroidManifest.xml:25:13-35
60            android:excludeFromRecents="true"
60-->[androidx.glance:glance-appwidget:1.1.1] AndroidManifest.xml:26:13-46
61            android:exported="false"
61-->[androidx.glance:glance-appwidget:1.1.1] AndroidManifest.xml:27:13-37
62            android:theme="@android:style/Theme.NoDisplay" />
62-->[androidx.glance:glance-appwidget:1.1.1] AndroidManifest.xml:28:13-59
63        <activity
63-->[androidx.glance:glance-appwidget:1.1.1] AndroidManifest.xml:29:9-36:81
64            android:name="androidx.glance.appwidget.action.InvisibleActionTrampolineActivity"
64-->[androidx.glance:glance-appwidget:1.1.1] AndroidManifest.xml:30:13-94
65            android:enabled="true"
65-->[androidx.glance:glance-appwidget:1.1.1] AndroidManifest.xml:31:13-35
66            android:exported="false"
66-->[androidx.glance:glance-appwidget:1.1.1] AndroidManifest.xml:32:13-37
67            android:launchMode="singleInstance"
67-->[androidx.glance:glance-appwidget:1.1.1] AndroidManifest.xml:33:13-48
68            android:noHistory="true"
68-->[androidx.glance:glance-appwidget:1.1.1] AndroidManifest.xml:34:13-37
69            android:taskAffinity="androidx.glance.appwidget.ListAdapterCallbackTrampoline"
69-->[androidx.glance:glance-appwidget:1.1.1] AndroidManifest.xml:35:13-91
70            android:theme="@style/Widget.Glance.AppWidget.CallbackTrampoline" />
70-->[androidx.glance:glance-appwidget:1.1.1] AndroidManifest.xml:36:13-78
71
72        <receiver
72-->[androidx.glance:glance-appwidget:1.1.1] AndroidManifest.xml:38:9-41:40
73            android:name="androidx.glance.appwidget.action.ActionCallbackBroadcastReceiver"
73-->[androidx.glance:glance-appwidget:1.1.1] AndroidManifest.xml:39:13-92
74            android:enabled="true"
74-->[androidx.glance:glance-appwidget:1.1.1] AndroidManifest.xml:40:13-35
75            android:exported="false" />
75-->[androidx.glance:glance-appwidget:1.1.1] AndroidManifest.xml:41:13-37
76        <receiver
76-->[androidx.glance:glance-appwidget:1.1.1] AndroidManifest.xml:42:9-45:40
77            android:name="androidx.glance.appwidget.UnmanagedSessionReceiver"
77-->[androidx.glance:glance-appwidget:1.1.1] AndroidManifest.xml:43:13-78
78            android:enabled="true"
78-->[androidx.glance:glance-appwidget:1.1.1] AndroidManifest.xml:44:13-35
79            android:exported="false" />
79-->[androidx.glance:glance-appwidget:1.1.1] AndroidManifest.xml:45:13-37
80        <receiver
80-->[androidx.glance:glance-appwidget:1.1.1] AndroidManifest.xml:46:9-53:20
81            android:name="androidx.glance.appwidget.MyPackageReplacedReceiver"
81-->[androidx.glance:glance-appwidget:1.1.1] AndroidManifest.xml:47:13-79
82            android:enabled="true"
82-->[androidx.glance:glance-appwidget:1.1.1] AndroidManifest.xml:48:13-35
83            android:exported="false" >
83-->[androidx.glance:glance-appwidget:1.1.1] AndroidManifest.xml:49:13-37
84            <intent-filter>
84-->[androidx.glance:glance-appwidget:1.1.1] AndroidManifest.xml:50:13-52:29
85                <action android:name="android.intent.action.MY_PACKAGE_REPLACED" />
85-->[androidx.glance:glance-appwidget:1.1.1] AndroidManifest.xml:51:17-84
85-->[androidx.glance:glance-appwidget:1.1.1] AndroidManifest.xml:51:25-81
86            </intent-filter>
87        </receiver>
88
89        <service
89-->[androidx.glance:glance-appwidget:1.1.1] AndroidManifest.xml:55:9-58:72
90            android:name="androidx.glance.appwidget.GlanceRemoteViewsService"
90-->[androidx.glance:glance-appwidget:1.1.1] AndroidManifest.xml:56:13-78
91            android:exported="true"
91-->[androidx.glance:glance-appwidget:1.1.1] AndroidManifest.xml:57:13-36
92            android:permission="android.permission.BIND_REMOTEVIEWS" />
92-->[androidx.glance:glance-appwidget:1.1.1] AndroidManifest.xml:58:13-69
93        <service
93-->[androidx.core:core-remoteviews:1.1.0] AndroidManifest.xml:24:9-27:63
94            android:name="androidx.core.widget.RemoteViewsCompatService"
94-->[androidx.core:core-remoteviews:1.1.0] AndroidManifest.xml:25:13-73
95            android:permission="android.permission.BIND_REMOTEVIEWS" />
95-->[androidx.core:core-remoteviews:1.1.0] AndroidManifest.xml:26:13-69
96
97        <activity
97-->[androidx.compose.ui:ui-tooling-android:1.7.6] AndroidManifest.xml:23:9-25:39
98            android:name="androidx.compose.ui.tooling.PreviewActivity"
98-->[androidx.compose.ui:ui-tooling-android:1.7.6] AndroidManifest.xml:24:13-71
99            android:exported="true" />
99-->[androidx.compose.ui:ui-tooling-android:1.7.6] AndroidManifest.xml:25:13-36
100
101        <provider
101-->[androidx.work:work-runtime:2.7.1] AndroidManifest.xml:31:9-39:20
102            android:name="androidx.startup.InitializationProvider"
102-->[androidx.work:work-runtime:2.7.1] AndroidManifest.xml:32:13-67
103            android:authorities="com.josem.monopulcro.androidx-startup"
103-->[androidx.work:work-runtime:2.7.1] AndroidManifest.xml:33:13-68
104            android:exported="false" >
104-->[androidx.work:work-runtime:2.7.1] AndroidManifest.xml:34:13-37
105            <meta-data
105-->[androidx.work:work-runtime:2.7.1] AndroidManifest.xml:36:13-38:52
106                android:name="androidx.work.WorkManagerInitializer"
106-->[androidx.work:work-runtime:2.7.1] AndroidManifest.xml:37:17-68
107                android:value="androidx.startup" />
107-->[androidx.work:work-runtime:2.7.1] AndroidManifest.xml:38:17-49
108            <meta-data
108-->[androidx.emoji2:emoji2:1.3.0] AndroidManifest.xml:29:13-31:52
109                android:name="androidx.emoji2.text.EmojiCompatInitializer"
109-->[androidx.emoji2:emoji2:1.3.0] AndroidManifest.xml:30:17-75
110                android:value="androidx.startup" />
110-->[androidx.emoji2:emoji2:1.3.0] AndroidManifest.xml:31:17-49
111            <meta-data
111-->[androidx.lifecycle:lifecycle-process:2.8.7] AndroidManifest.xml:29:13-31:52
112                android:name="androidx.lifecycle.ProcessLifecycleInitializer"
112-->[androidx.lifecycle:lifecycle-process:2.8.7] AndroidManifest.xml:30:17-78
113                android:value="androidx.startup" />
113-->[androidx.lifecycle:lifecycle-process:2.8.7] AndroidManifest.xml:31:17-49
114            <meta-data
114-->[androidx.profileinstaller:profileinstaller:1.3.1] AndroidManifest.xml:29:13-31:52
115                android:name="androidx.profileinstaller.ProfileInstallerInitializer"
115-->[androidx.profileinstaller:profileinstaller:1.3.1] AndroidManifest.xml:30:17-85
116                android:value="androidx.startup" />
116-->[androidx.profileinstaller:profileinstaller:1.3.1] AndroidManifest.xml:31:17-49
117        </provider>
118
119        <service
119-->[androidx.work:work-runtime:2.7.1] AndroidManifest.xml:41:9-46:35
120            android:name="androidx.work.impl.background.systemalarm.SystemAlarmService"
120-->[androidx.work:work-runtime:2.7.1] AndroidManifest.xml:42:13-88
121            android:directBootAware="false"
121-->[androidx.work:work-runtime:2.7.1] AndroidManifest.xml:43:13-44
122            android:enabled="@bool/enable_system_alarm_service_default"
122-->[androidx.work:work-runtime:2.7.1] AndroidManifest.xml:44:13-72
123            android:exported="false" />
123-->[androidx.work:work-runtime:2.7.1] AndroidManifest.xml:45:13-37
124        <service
124-->[androidx.work:work-runtime:2.7.1] AndroidManifest.xml:47:9-53:35
125            android:name="androidx.work.impl.background.systemjob.SystemJobService"
125-->[androidx.work:work-runtime:2.7.1] AndroidManifest.xml:48:13-84
126            android:directBootAware="false"
126-->[androidx.work:work-runtime:2.7.1] AndroidManifest.xml:49:13-44
127            android:enabled="@bool/enable_system_job_service_default"
127-->[androidx.work:work-runtime:2.7.1] AndroidManifest.xml:50:13-70
128            android:exported="true"
128-->[androidx.work:work-runtime:2.7.1] AndroidManifest.xml:51:13-36
129            android:permission="android.permission.BIND_JOB_SERVICE" />
129-->[androidx.work:work-runtime:2.7.1] AndroidManifest.xml:52:13-69
130        <service
130-->[androidx.work:work-runtime:2.7.1] AndroidManifest.xml:54:9-59:35
131            android:name="androidx.work.impl.foreground.SystemForegroundService"
131-->[androidx.work:work-runtime:2.7.1] AndroidManifest.xml:55:13-81
132            android:directBootAware="false"
132-->[androidx.work:work-runtime:2.7.1] AndroidManifest.xml:56:13-44
133            android:enabled="@bool/enable_system_foreground_service_default"
133-->[androidx.work:work-runtime:2.7.1] AndroidManifest.xml:57:13-77
134            android:exported="false" />
134-->[androidx.work:work-runtime:2.7.1] AndroidManifest.xml:58:13-37
135
136        <receiver
136-->[androidx.work:work-runtime:2.7.1] AndroidManifest.xml:61:9-66:35
137            android:name="androidx.work.impl.utils.ForceStopRunnable$BroadcastReceiver"
137-->[androidx.work:work-runtime:2.7.1] AndroidManifest.xml:62:13-88
138            android:directBootAware="false"
138-->[androidx.work:work-runtime:2.7.1] AndroidManifest.xml:63:13-44
139            android:enabled="true"
139-->[androidx.work:work-runtime:2.7.1] AndroidManifest.xml:64:13-35
140            android:exported="false" />
140-->[androidx.work:work-runtime:2.7.1] AndroidManifest.xml:65:13-37
141        <receiver
141-->[androidx.work:work-runtime:2.7.1] AndroidManifest.xml:67:9-77:20
142            android:name="androidx.work.impl.background.systemalarm.ConstraintProxy$BatteryChargingProxy"
142-->[androidx.work:work-runtime:2.7.1] AndroidManifest.xml:68:13-106
143            android:directBootAware="false"
143-->[androidx.work:work-runtime:2.7.1] AndroidManifest.xml:69:13-44
144            android:enabled="false"
144-->[androidx.work:work-runtime:2.7.1] AndroidManifest.xml:70:13-36
145            android:exported="false" >
145-->[androidx.work:work-runtime:2.7.1] AndroidManifest.xml:71:13-37
146            <intent-filter>
146-->[androidx.work:work-runtime:2.7.1] AndroidManifest.xml:73:13-76:29
147                <action android:name="android.intent.action.ACTION_POWER_CONNECTED" />
147-->[androidx.work:work-runtime:2.7.1] AndroidManifest.xml:74:17-87
147-->[androidx.work:work-runtime:2.7.1] AndroidManifest.xml:74:25-84
148                <action android:name="android.intent.action.ACTION_POWER_DISCONNECTED" />
148-->[androidx.work:work-runtime:2.7.1] AndroidManifest.xml:75:17-90
148-->[androidx.work:work-runtime:2.7.1] AndroidManifest.xml:75:25-87
149            </intent-filter>
150        </receiver>
151        <receiver
151-->[androidx.work:work-runtime:2.7.1] AndroidManifest.xml:78:9-88:20
152            android:name="androidx.work.impl.background.systemalarm.ConstraintProxy$BatteryNotLowProxy"
152-->[androidx.work:work-runtime:2.7.1] AndroidManifest.xml:79:13-104
153            android:directBootAware="false"
153-->[androidx.work:work-runtime:2.7.1] AndroidManifest.xml:80:13-44
154            android:enabled="false"
154-->[androidx.work:work-runtime:2.7.1] AndroidManifest.xml:81:13-36
155            android:exported="false" >
155-->[androidx.work:work-runtime:2.7.1] AndroidManifest.xml:82:13-37
156            <intent-filter>
156-->[androidx.work:work-runtime:2.7.1] AndroidManifest.xml:84:13-87:29
157                <action android:name="android.intent.action.BATTERY_OKAY" />
157-->[androidx.work:work-runtime:2.7.1] AndroidManifest.xml:85:17-77
157-->[androidx.work:work-runtime:2.7.1] AndroidManifest.xml:85:25-74
158                <action android:name="android.intent.action.BATTERY_LOW" />
158-->[androidx.work:work-runtime:2.7.1] AndroidManifest.xml:86:17-76
158-->[androidx.work:work-runtime:2.7.1] AndroidManifest.xml:86:25-73
159            </intent-filter>
160        </receiver>
161        <receiver
161-->[androidx.work:work-runtime:2.7.1] AndroidManifest.xml:89:9-99:20
162            android:name="androidx.work.impl.background.systemalarm.ConstraintProxy$StorageNotLowProxy"
162-->[androidx.work:work-runtime:2.7.1] AndroidManifest.xml:90:13-104
163            android:directBootAware="false"
163-->[androidx.work:work-runtime:2.7.1] AndroidManifest.xml:91:13-44
164            android:enabled="false"
164-->[androidx.work:work-runtime:2.7.1] AndroidManifest.xml:92:13-36
165            android:exported="false" >
165-->[androidx.work:work-runtime:2.7.1] AndroidManifest.xml:93:13-37
166            <intent-filter>
166-->[androidx.work:work-runtime:2.7.1] AndroidManifest.xml:95:13-98:29
167                <action android:name="android.intent.action.DEVICE_STORAGE_LOW" />
167-->[androidx.work:work-runtime:2.7.1] AndroidManifest.xml:96:17-83
167-->[androidx.work:work-runtime:2.7.1] AndroidManifest.xml:96:25-80
168                <action android:name="android.intent.action.DEVICE_STORAGE_OK" />
168-->[androidx.work:work-runtime:2.7.1] AndroidManifest.xml:97:17-82
168-->[androidx.work:work-runtime:2.7.1] AndroidManifest.xml:97:25-79
169            </intent-filter>
170        </receiver>
171        <receiver
171-->[androidx.work:work-runtime:2.7.1] AndroidManifest.xml:100:9-109:20
172            android:name="androidx.work.impl.background.systemalarm.ConstraintProxy$NetworkStateProxy"
172-->[androidx.work:work-runtime:2.7.1] AndroidManifest.xml:101:13-103
173            android:directBootAware="false"
173-->[androidx.work:work-runtime:2.7.1] AndroidManifest.xml:102:13-44
174            android:enabled="false"
174-->[androidx.work:work-runtime:2.7.1] AndroidManifest.xml:103:13-36
175            android:exported="false" >
175-->[androidx.work:work-runtime:2.7.1] AndroidManifest.xml:104:13-37
176            <intent-filter>
176-->[androidx.work:work-runtime:2.7.1] AndroidManifest.xml:106:13-108:29
177                <action android:name="android.net.conn.CONNECTIVITY_CHANGE" />
177-->[androidx.work:work-runtime:2.7.1] AndroidManifest.xml:107:17-79
177-->[androidx.work:work-runtime:2.7.1] AndroidManifest.xml:107:25-76
178            </intent-filter>
179        </receiver>
180        <receiver
180-->[androidx.work:work-runtime:2.7.1] AndroidManifest.xml:110:9-121:20
181            android:name="androidx.work.impl.background.systemalarm.RescheduleReceiver"
181-->[androidx.work:work-runtime:2.7.1] AndroidManifest.xml:111:13-88
182            android:directBootAware="false"
182-->[androidx.work:work-runtime:2.7.1] AndroidManifest.xml:112:13-44
183            android:enabled="false"
183-->[androidx.work:work-runtime:2.7.1] AndroidManifest.xml:113:13-36
184            android:exported="false" >
184-->[androidx.work:work-runtime:2.7.1] AndroidManifest.xml:114:13-37
185            <intent-filter>
185-->[androidx.work:work-runtime:2.7.1] AndroidManifest.xml:116:13-120:29
186                <action android:name="android.intent.action.BOOT_COMPLETED" />
186-->[androidx.work:work-runtime:2.7.1] AndroidManifest.xml:117:17-79
186-->[androidx.work:work-runtime:2.7.1] AndroidManifest.xml:117:25-76
187                <action android:name="android.intent.action.TIME_SET" />
187-->[androidx.work:work-runtime:2.7.1] AndroidManifest.xml:118:17-73
187-->[androidx.work:work-runtime:2.7.1] AndroidManifest.xml:118:25-70
188                <action android:name="android.intent.action.TIMEZONE_CHANGED" />
188-->[androidx.work:work-runtime:2.7.1] AndroidManifest.xml:119:17-81
188-->[androidx.work:work-runtime:2.7.1] AndroidManifest.xml:119:25-78
189            </intent-filter>
190        </receiver>
191        <receiver
191-->[androidx.work:work-runtime:2.7.1] AndroidManifest.xml:122:9-131:20
192            android:name="androidx.work.impl.background.systemalarm.ConstraintProxyUpdateReceiver"
192-->[androidx.work:work-runtime:2.7.1] AndroidManifest.xml:123:13-99
193            android:directBootAware="false"
193-->[androidx.work:work-runtime:2.7.1] AndroidManifest.xml:124:13-44
194            android:enabled="@bool/enable_system_alarm_service_default"
194-->[androidx.work:work-runtime:2.7.1] AndroidManifest.xml:125:13-72
195            android:exported="false" >
195-->[androidx.work:work-runtime:2.7.1] AndroidManifest.xml:126:13-37
196            <intent-filter>
196-->[androidx.work:work-runtime:2.7.1] AndroidManifest.xml:128:13-130:29
197                <action android:name="androidx.work.impl.background.systemalarm.UpdateProxies" />
197-->[androidx.work:work-runtime:2.7.1] AndroidManifest.xml:129:17-98
197-->[androidx.work:work-runtime:2.7.1] AndroidManifest.xml:129:25-95
198            </intent-filter>
199        </receiver>
200        <receiver
200-->[androidx.work:work-runtime:2.7.1] AndroidManifest.xml:132:9-142:20
201            android:name="androidx.work.impl.diagnostics.DiagnosticsReceiver"
201-->[androidx.work:work-runtime:2.7.1] AndroidManifest.xml:133:13-78
202            android:directBootAware="false"
202-->[androidx.work:work-runtime:2.7.1] AndroidManifest.xml:134:13-44
203            android:enabled="true"
203-->[androidx.work:work-runtime:2.7.1] AndroidManifest.xml:135:13-35
204            android:exported="true"
204-->[androidx.work:work-runtime:2.7.1] AndroidManifest.xml:136:13-36
205            android:permission="android.permission.DUMP" >
205-->[androidx.work:work-runtime:2.7.1] AndroidManifest.xml:137:13-57
206            <intent-filter>
206-->[androidx.work:work-runtime:2.7.1] AndroidManifest.xml:139:13-141:29
207                <action android:name="androidx.work.diagnostics.REQUEST_DIAGNOSTICS" />
207-->[androidx.work:work-runtime:2.7.1] AndroidManifest.xml:140:17-88
207-->[androidx.work:work-runtime:2.7.1] AndroidManifest.xml:140:25-85
208            </intent-filter>
209        </receiver>
210        <receiver
210-->[androidx.profileinstaller:profileinstaller:1.3.1] AndroidManifest.xml:34:9-52:20
211            android:name="androidx.profileinstaller.ProfileInstallReceiver"
211-->[androidx.profileinstaller:profileinstaller:1.3.1] AndroidManifest.xml:35:13-76
212            android:directBootAware="false"
212-->[androidx.profileinstaller:profileinstaller:1.3.1] AndroidManifest.xml:36:13-44
213            android:enabled="true"
213-->[androidx.profileinstaller:profileinstaller:1.3.1] AndroidManifest.xml:37:13-35
214            android:exported="true"
214-->[androidx.profileinstaller:profileinstaller:1.3.1] AndroidManifest.xml:38:13-36
215            android:permission="android.permission.DUMP" >
215-->[androidx.profileinstaller:profileinstaller:1.3.1] AndroidManifest.xml:39:13-57
216            <intent-filter>
216-->[androidx.profileinstaller:profileinstaller:1.3.1] AndroidManifest.xml:40:13-42:29
217                <action android:name="androidx.profileinstaller.action.INSTALL_PROFILE" />
217-->[androidx.profileinstaller:profileinstaller:1.3.1] AndroidManifest.xml:41:17-91
217-->[androidx.profileinstaller:profileinstaller:1.3.1] AndroidManifest.xml:41:25-88
218            </intent-filter>
219            <intent-filter>
219-->[androidx.profileinstaller:profileinstaller:1.3.1] AndroidManifest.xml:43:13-45:29
220                <action android:name="androidx.profileinstaller.action.SKIP_FILE" />
220-->[androidx.profileinstaller:profileinstaller:1.3.1] AndroidManifest.xml:44:17-85
220-->[androidx.profileinstaller:profileinstaller:1.3.1] AndroidManifest.xml:44:25-82
221            </intent-filter>
222            <intent-filter>
222-->[androidx.profileinstaller:profileinstaller:1.3.1] AndroidManifest.xml:46:13-48:29
223                <action android:name="androidx.profileinstaller.action.SAVE_PROFILE" />
223-->[androidx.profileinstaller:profileinstaller:1.3.1] AndroidManifest.xml:47:17-88
223-->[androidx.profileinstaller:profileinstaller:1.3.1] AndroidManifest.xml:47:25-85
224            </intent-filter>
225            <intent-filter>
225-->[androidx.profileinstaller:profileinstaller:1.3.1] AndroidManifest.xml:49:13-51:29
226                <action android:name="androidx.profileinstaller.action.BENCHMARK_OPERATION" />
226-->[androidx.profileinstaller:profileinstaller:1.3.1] AndroidManifest.xml:50:17-95
226-->[androidx.profileinstaller:profileinstaller:1.3.1] AndroidManifest.xml:50:25-92
227            </intent-filter>
228        </receiver>
229
230        <service
230-->[androidx.room:room-runtime:2.2.5] AndroidManifest.xml:25:9-28:40
231            android:name="androidx.room.MultiInstanceInvalidationService"
231-->[androidx.room:room-runtime:2.2.5] AndroidManifest.xml:26:13-74
232            android:directBootAware="true"
232-->[androidx.room:room-runtime:2.2.5] AndroidManifest.xml:27:13-43
233            android:exported="false" />
233-->[androidx.room:room-runtime:2.2.5] AndroidManifest.xml:28:13-37
234    </application>
235
236</manifest>